2025-06-09 17:57:10 [background-preinit] INFO  o.h.validator.internal.util.Version - HV000001: Hibernate Validator 8.0.2.Final
2025-06-09 17:57:10 [main] INFO  io.swagger.Swagger2SpringBoot - Starting Swagger2SpringBoot using Java 21.0.7 with PID 514105 (/home/valerio/Documenti/services/email-sender-service/target/classes started by valerio in /home/valerio/Documenti/services/email-sender-service)
2025-06-09 17:57:10 [main] INFO  io.swagger.Swagger2SpringBoot - No active profile set, falling back to 1 default profile: "default"
2025-06-09 17:57:11 [main] INFO  o.s.b.w.e.tomcat.TomcatWebServer - Tomcat initialized with port 8080 (http)
2025-06-09 17:57:11 [main] INFO  o.a.coyote.http11.Http11NioProtocol - Initializing ProtocolHandler ["http-nio-8080"]
2025-06-09 17:57:11 [main] INFO  o.a.catalina.core.StandardService - Starting service [Tomcat]
2025-06-09 17:57:11 [main] INFO  o.a.catalina.core.StandardEngine - Starting Servlet engine: [Apache Tomcat/10.1.41]
2025-06-09 17:57:11 [main] INFO  o.a.c.c.C.[.[.[/api/email-sender-service/v1] - Initializing Spring embedded WebApplicationContext
2025-06-09 17:57:11 [main] INFO  o.s.b.w.s.c.ServletWebServerApplicationContext - Root WebApplicationContext: initialization completed in 595 ms
2025-06-09 17:57:11 [main] INFO  o.s.b.a.e.web.EndpointLinksResolver - Exposing 1 endpoint beneath base path '/actuator'
2025-06-09 17:57:11 [main] INFO  o.a.coyote.http11.Http11NioProtocol - Starting ProtocolHandler ["http-nio-8080"]
2025-06-09 17:57:11 [main] INFO  o.s.b.w.e.tomcat.TomcatWebServer - Tomcat started on port 8080 (http) with context path '/api/email-sender-service/v1'
2025-06-09 17:57:11 [main] INFO  io.swagger.Swagger2SpringBoot - Started Swagger2SpringBoot in 1.161 seconds (process running for 1.488)
2025-06-09 17:57:11 [RMI TCP Connection(3)-127.0.0.1] INFO  o.a.c.c.C.[.[.[/api/email-sender-service/v1] - Initializing Spring DispatcherServlet 'dispatcherServlet'
2025-06-09 17:57:11 [RMI TCP Connection(3)-127.0.0.1] INFO  o.s.web.servlet.DispatcherServlet - Initializing Servlet 'dispatcherServlet'
2025-06-09 17:57:11 [RMI TCP Connection(3)-127.0.0.1] INFO  o.s.web.servlet.DispatcherServlet - Completed initialization in 0 ms
2025-06-09 17:58:34 [SpringApplicationShutdownHook] INFO  o.s.b.w.e.tomcat.GracefulShutdown - Commencing graceful shutdown. Waiting for active requests to complete
2025-06-09 17:58:34 [tomcat-shutdown] INFO  o.s.b.w.e.tomcat.GracefulShutdown - Graceful shutdown complete
2025-06-09 17:58:36 [background-preinit] INFO  o.h.validator.internal.util.Version - HV000001: Hibernate Validator 8.0.2.Final
2025-06-09 17:58:36 [main] INFO  io.swagger.Swagger2SpringBoot - Starting Swagger2SpringBoot using Java 21.0.7 with PID 515642 (/home/valerio/Documenti/services/email-sender-service/target/classes started by valerio in /home/valerio/Documenti/services/email-sender-service)
2025-06-09 17:58:36 [main] INFO  io.swagger.Swagger2SpringBoot - No active profile set, falling back to 1 default profile: "default"
2025-06-09 17:58:36 [main] INFO  o.s.b.w.e.tomcat.TomcatWebServer - Tomcat initialized with port 8080 (http)
2025-06-09 17:58:36 [main] INFO  o.a.coyote.http11.Http11NioProtocol - Initializing ProtocolHandler ["http-nio-8080"]
2025-06-09 17:58:36 [main] INFO  o.a.catalina.core.StandardService - Starting service [Tomcat]
2025-06-09 17:58:36 [main] INFO  o.a.catalina.core.StandardEngine - Starting Servlet engine: [Apache Tomcat/10.1.41]
2025-06-09 17:58:37 [main] INFO  o.a.c.c.C.[.[.[/api/email-sender-service/v1] - Initializing Spring embedded WebApplicationContext
2025-06-09 17:58:37 [main] INFO  o.s.b.w.s.c.ServletWebServerApplicationContext - Root WebApplicationContext: initialization completed in 579 ms
2025-06-09 17:58:37 [main] INFO  o.s.b.a.e.web.EndpointLinksResolver - Exposing 1 endpoint beneath base path '/actuator'
2025-06-09 17:58:37 [main] INFO  o.a.coyote.http11.Http11NioProtocol - Starting ProtocolHandler ["http-nio-8080"]
2025-06-09 17:58:37 [main] INFO  o.s.b.w.e.tomcat.TomcatWebServer - Tomcat started on port 8080 (http) with context path '/api/email-sender-service/v1'
2025-06-09 17:58:37 [main] INFO  io.swagger.Swagger2SpringBoot - Started Swagger2SpringBoot in 1.169 seconds (process running for 1.549)
2025-06-09 17:58:37 [RMI TCP Connection(3)-127.0.0.1] INFO  o.a.c.c.C.[.[.[/api/email-sender-service/v1] - Initializing Spring DispatcherServlet 'dispatcherServlet'
2025-06-09 17:58:37 [RMI TCP Connection(3)-127.0.0.1] INFO  o.s.web.servlet.DispatcherServlet - Initializing Servlet 'dispatcherServlet'
2025-06-09 17:58:37 [RMI TCP Connection(3)-127.0.0.1] INFO  o.s.web.servlet.DispatcherServlet - Completed initialization in 0 ms
2025-06-09 17:58:38 [SpringApplicationShutdownHook] INFO  o.s.b.w.e.tomcat.GracefulShutdown - Commencing graceful shutdown. Waiting for active requests to complete
2025-06-09 17:58:38 [tomcat-shutdown] INFO  o.s.b.w.e.tomcat.GracefulShutdown - Graceful shutdown complete
2025-06-09 17:58:42 [background-preinit] INFO  o.h.validator.internal.util.Version - HV000001: Hibernate Validator 8.0.2.Final
2025-06-09 17:58:42 [main] INFO  io.swagger.Swagger2SpringBoot - Starting Swagger2SpringBoot using Java 21.0.7 with PID 515995 (/home/valerio/Documenti/services/email-sender-service/target/classes started by valerio in /home/valerio/Documenti/services/email-sender-service)
2025-06-09 17:58:42 [main] INFO  io.swagger.Swagger2SpringBoot - No active profile set, falling back to 1 default profile: "default"
2025-06-09 17:58:43 [main] INFO  o.s.b.w.e.tomcat.TomcatWebServer - Tomcat initialized with port 8080 (http)
2025-06-09 17:58:43 [main] INFO  o.a.coyote.http11.Http11NioProtocol - Initializing ProtocolHandler ["http-nio-8080"]
2025-06-09 17:58:43 [main] INFO  o.a.catalina.core.StandardService - Starting service [Tomcat]
2025-06-09 17:58:43 [main] INFO  o.a.catalina.core.StandardEngine - Starting Servlet engine: [Apache Tomcat/10.1.41]
2025-06-09 17:58:43 [main] INFO  o.a.c.c.C.[.[.[/api/email-sender-service/v1] - Initializing Spring embedded WebApplicationContext
2025-06-09 17:58:43 [main] INFO  o.s.b.w.s.c.ServletWebServerApplicationContext - Root WebApplicationContext: initialization completed in 668 ms
2025-06-09 17:58:43 [main] INFO  o.s.b.a.e.web.EndpointLinksResolver - Exposing 1 endpoint beneath base path '/actuator'
2025-06-09 17:58:43 [main] INFO  o.a.coyote.http11.Http11NioProtocol - Starting ProtocolHandler ["http-nio-8080"]
2025-06-09 17:58:43 [main] INFO  o.s.b.w.e.tomcat.TomcatWebServer - Tomcat started on port 8080 (http) with context path '/api/email-sender-service/v1'
2025-06-09 17:58:43 [main] INFO  io.swagger.Swagger2SpringBoot - Started Swagger2SpringBoot in 1.303 seconds (process running for 1.625)
2025-06-09 17:58:43 [RMI TCP Connection(1)-127.0.0.1] INFO  o.a.c.c.C.[.[.[/api/email-sender-service/v1] - Initializing Spring DispatcherServlet 'dispatcherServlet'
2025-06-09 17:58:43 [RMI TCP Connection(1)-127.0.0.1] INFO  o.s.web.servlet.DispatcherServlet - Initializing Servlet 'dispatcherServlet'
2025-06-09 17:58:43 [RMI TCP Connection(1)-127.0.0.1] INFO  o.s.web.servlet.DispatcherServlet - Completed initialization in 1 ms
2025-06-09 17:58:44 [http-nio-8080-exec-1] INFO  o.s.api.AbstractOpenApiResource - Init duration for springdoc-openapi is: 136 ms
2025-06-09 17:59:10 [SpringApplicationShutdownHook] INFO  o.s.b.w.e.tomcat.GracefulShutdown - Commencing graceful shutdown. Waiting for active requests to complete
2025-06-09 17:59:10 [tomcat-shutdown] INFO  o.s.b.w.e.tomcat.GracefulShutdown - Graceful shutdown complete
